2018-09-06T11:33:07.740Z - normal: Load ~/.CocosCreator/settings.json
2018-09-06T11:33:07.743Z - normal: checking language setting...
2018-09-06T11:33:07.743Z - normal: Language: en
2018-09-06T11:33:09.315Z - success: protocol editor-framework registered
2018-09-06T11:33:09.316Z - success: protocol app registered
2018-09-06T11:33:09.316Z - success: protocol theme registered
2018-09-06T11:33:09.316Z - success: protocol packages registered
2018-09-06T11:33:09.316Z - success: protocol unpack registerred
2018-09-06T11:33:09.316Z - success: protocol disable-commonjs registerred
2018-09-06T11:33:09.909Z - normal: connected!
2018-09-06T11:33:09.911Z - normal: Check project D:\cocos\caro
2018-09-06T11:33:09.915Z - normal: Initializing Cocos2d
2018-09-06T11:33:10.104Z - normal: Initializing Asset Database
2018-09-06T11:33:10.130Z - success: protocol uuid registerred
2018-09-06T11:33:10.130Z - success: protocol db registerred
2018-09-06T11:33:10.130Z - success: protocol thumbnail registerred
2018-09-06T11:33:10.130Z - normal: Loading editor/builtin packages
2018-09-06T11:33:10.148Z - success: anysdk loaded
2018-09-06T11:33:10.251Z - success: assets loaded
2018-09-06T11:33:10.252Z - success: builder loaded
2018-09-06T11:33:10.255Z - success: cocos-analytics loaded
2018-09-06T11:33:10.258Z - success: console loaded
2018-09-06T11:33:10.299Z - success: fb-instant-games loaded
2018-09-06T11:33:10.302Z - success: hierarchy loaded
2018-09-06T11:33:10.304Z - success: inspector loaded
2018-09-06T11:33:10.308Z - success: keystore loaded
2018-09-06T11:33:10.312Z - success: node-library loaded
2018-09-06T11:33:10.319Z - success: package-asset loaded
2018-09-06T11:33:10.321Z - success: preferences loaded
2018-09-06T11:33:10.324Z - success: project-exporter loaded
2018-09-06T11:33:10.337Z - success: project-importer loaded
2018-09-06T11:33:10.341Z - success: project-settings loaded
2018-09-06T11:33:10.344Z - success: ui-kit loaded
2018-09-06T11:33:10.347Z - success: ui-grid loaded
2018-09-06T11:33:10.349Z - success: scene loaded
2018-09-06T11:33:10.351Z - success: sprite-editor loaded
2018-09-06T11:33:10.353Z - success: store loaded
2018-09-06T11:33:10.357Z - success: timeline loaded
2018-09-06T11:33:10.357Z - normal: Loading builtin packages
2018-09-06T11:33:10.361Z - success: asset-db-debugger loaded
2018-09-06T11:33:10.362Z - success: code-editor loaded
2018-09-06T11:33:10.363Z - success: color-picker loaded
2018-09-06T11:33:10.365Z - success: package-manager loaded
2018-09-06T11:33:10.367Z - success: qqplay-adapter loaded
2018-09-06T11:33:10.370Z - success: sdkbox loaded
2018-09-06T11:33:10.373Z - success: tester loaded
2018-09-06T11:33:10.375Z - success: ui-kit-preview-extra loaded
2018-09-06T11:33:10.377Z - success: ui-kit-preview loaded
2018-09-06T11:33:10.379Z - success: ui-tree loaded
2018-09-06T11:33:10.379Z - success: weapp-adapter loaded
2018-09-06T11:33:11.326Z - normal: Initializing project D:\cocos\caro
2018-09-06T11:33:11.328Z - normal: Loading packages
2018-09-06T11:33:11.333Z - normal: Watching packages
2018-09-06T11:33:11.617Z - normal: Run Application
2018-09-06T11:33:11.967Z - success: preview server running at http://localhost:7456
2018-09-06T11:33:15.059Z - error: Failed to remove menu in path: Developer/UI Preview/ui-tree (could not be found)
    at Menu.remove (C:\CocosCreator\resources\app.asar\editor-framework\lib\main\menu.js:1:6080)
    at Object.MainMenu.remove (C:\CocosCreator\resources\app.asar\editor-framework\lib\main\main-menu.js:1:4485)
    at Async.series.a (C:\CocosCreator\resources\app.asar\editor-framework\lib\main\package.js:1:5122)
    at C:\CocosCreator\resources\app.asar\node_modules\async\lib\async.js:718:13
    at Immediate.iterate (C:\CocosCreator\resources\app.asar\node_modules\async\lib\async.js:262:13)
    at runCallback (timers.js:672:20)
    at tryOnImmediate (timers.js:645:5)
    at processImmediate [as _immediateCallback] (timers.js:617:5)
2018-09-06T11:33:15.059Z - success: ui-tree unloaded
2018-09-06T11:33:15.060Z - error: Failed to remove menu in path: Developer/UI Preview/ui-grid (could not be found)
    at Menu.remove (C:\CocosCreator\resources\app.asar\editor-framework\lib\main\menu.js:1:6080)
    at Object.MainMenu.remove (C:\CocosCreator\resources\app.asar\editor-framework\lib\main\main-menu.js:1:4485)
    at Async.series.a (C:\CocosCreator\resources\app.asar\editor-framework\lib\main\package.js:1:5122)
    at C:\CocosCreator\resources\app.asar\node_modules\async\lib\async.js:718:13
    at Immediate.iterate (C:\CocosCreator\resources\app.asar\node_modules\async\lib\async.js:262:13)
    at runCallback (timers.js:672:20)
    at tryOnImmediate (timers.js:645:5)
    at processImmediate [as _immediateCallback] (timers.js:617:5)
2018-09-06T11:33:15.061Z - error: Failed to remove menu in path: Developer/UI Preview/ui-grid-webview (could not be found)
    at Menu.remove (C:\CocosCreator\resources\app.asar\editor-framework\lib\main\menu.js:1:6080)
    at Object.MainMenu.remove (C:\CocosCreator\resources\app.asar\editor-framework\lib\main\main-menu.js:1:4485)
    at Async.series.a (C:\CocosCreator\resources\app.asar\editor-framework\lib\main\package.js:1:5122)
    at C:\CocosCreator\resources\app.asar\node_modules\async\lib\async.js:718:13
    at Immediate.iterate (C:\CocosCreator\resources\app.asar\node_modules\async\lib\async.js:262:13)
    at runCallback (timers.js:672:20)
    at tryOnImmediate (timers.js:645:5)
    at processImmediate [as _immediateCallback] (timers.js:617:5)
2018-09-06T11:33:15.061Z - success: ui-grid unloaded
2018-09-06T11:33:15.062Z - error: Failed to remove menu in path: Developer/UI Preview/ui-tree (could not be found)
    at Menu.remove (C:\CocosCreator\resources\app.asar\editor-framework\lib\main\menu.js:1:6080)
    at Object.MainMenu.remove (C:\CocosCreator\resources\app.asar\editor-framework\lib\main\main-menu.js:1:4485)
    at Async.series.a (C:\CocosCreator\resources\app.asar\editor-framework\lib\main\package.js:1:5122)
    at C:\CocosCreator\resources\app.asar\node_modules\async\lib\async.js:718:13
    at Immediate.iterate (C:\CocosCreator\resources\app.asar\node_modules\async\lib\async.js:262:13)
    at runCallback (timers.js:672:20)
    at tryOnImmediate (timers.js:645:5)
    at processImmediate [as _immediateCallback] (timers.js:617:5)
2018-09-06T11:33:15.063Z - failed: Failed to uncache module main.js: Cannot find it.
2018-09-06T11:33:15.063Z - success: ui-tree unloaded
2018-09-06T11:33:15.063Z - error: Failed to remove menu in path: Developer/UI Preview/ui-grid (could not be found)
    at Menu.remove (C:\CocosCreator\resources\app.asar\editor-framework\lib\main\menu.js:1:6080)
    at Object.MainMenu.remove (C:\CocosCreator\resources\app.asar\editor-framework\lib\main\main-menu.js:1:4485)
    at Async.series.a (C:\CocosCreator\resources\app.asar\editor-framework\lib\main\package.js:1:5122)
    at C:\CocosCreator\resources\app.asar\node_modules\async\lib\async.js:718:13
    at Immediate.iterate (C:\CocosCreator\resources\app.asar\node_modules\async\lib\async.js:262:13)
    at runCallback (timers.js:672:20)
    at tryOnImmediate (timers.js:645:5)
    at processImmediate [as _immediateCallback] (timers.js:617:5)
2018-09-06T11:33:15.064Z - error: Failed to remove menu in path: Developer/UI Preview/ui-grid-webview (could not be found)
    at Menu.remove (C:\CocosCreator\resources\app.asar\editor-framework\lib\main\menu.js:1:6080)
    at Object.MainMenu.remove (C:\CocosCreator\resources\app.asar\editor-framework\lib\main\main-menu.js:1:4485)
    at Async.series.a (C:\CocosCreator\resources\app.asar\editor-framework\lib\main\package.js:1:5122)
    at C:\CocosCreator\resources\app.asar\node_modules\async\lib\async.js:718:13
    at Immediate.iterate (C:\CocosCreator\resources\app.asar\node_modules\async\lib\async.js:262:13)
    at runCallback (timers.js:672:20)
    at tryOnImmediate (timers.js:645:5)
    at processImmediate [as _immediateCallback] (timers.js:617:5)
2018-09-06T11:33:15.064Z - failed: Failed to uncache module main.js: Cannot find it.
2018-09-06T11:33:15.064Z - success: ui-grid unloaded
2018-09-06T11:33:15.077Z - failed: Failed to load panel "panel.preview" from "ui-tree", the panelID ui-tree.preview already exists
2018-09-06T11:33:15.082Z - failed: Failed to load panel "panel.preview" from "ui-grid", the panelID ui-grid.preview already exists
2018-09-06T11:33:15.083Z - failed: Failed to load panel "panel.preview-webview" from "ui-grid", the panelID ui-grid.preview-webview already exists
2018-09-06T11:33:15.085Z - success: ui-tree loaded
2018-09-06T11:33:15.085Z - success: ui-grid loaded
2018-09-06T11:33:15.085Z - success: ui-tree loaded
2018-09-06T11:33:15.085Z - success: ui-grid loaded
2018-09-06T11:33:15.236Z - error: Failed to remove menu in path: Developer/UI Preview/ui-grid (could not be found)
    at Menu.remove (C:\CocosCreator\resources\app.asar\editor-framework\lib\main\menu.js:1:6080)
    at Object.MainMenu.remove (C:\CocosCreator\resources\app.asar\editor-framework\lib\main\main-menu.js:1:4485)
    at Async.series.a (C:\CocosCreator\resources\app.asar\editor-framework\lib\main\package.js:1:5122)
    at C:\CocosCreator\resources\app.asar\node_modules\async\lib\async.js:718:13
    at Immediate.iterate (C:\CocosCreator\resources\app.asar\node_modules\async\lib\async.js:262:13)
    at runCallback (timers.js:672:20)
    at tryOnImmediate (timers.js:645:5)
    at processImmediate [as _immediateCallback] (timers.js:617:5)
2018-09-06T11:33:15.237Z - error: Failed to remove menu in path: Developer/UI Preview/ui-grid-webview (could not be found)
    at Menu.remove (C:\CocosCreator\resources\app.asar\editor-framework\lib\main\menu.js:1:6080)
    at Object.MainMenu.remove (C:\CocosCreator\resources\app.asar\editor-framework\lib\main\main-menu.js:1:4485)
    at Async.series.a (C:\CocosCreator\resources\app.asar\editor-framework\lib\main\package.js:1:5122)
    at C:\CocosCreator\resources\app.asar\node_modules\async\lib\async.js:718:13
    at Immediate.iterate (C:\CocosCreator\resources\app.asar\node_modules\async\lib\async.js:262:13)
    at runCallback (timers.js:672:20)
    at tryOnImmediate (timers.js:645:5)
    at processImmediate [as _immediateCallback] (timers.js:617:5)
2018-09-06T11:33:15.237Z - success: ui-grid unloaded
2018-09-06T11:33:15.244Z - success: ui-grid loaded
2018-09-06T11:33:15.827Z - normal: 1.9.3
2018-09-06T11:39:07.887Z - info: shutdown preview server
